0 info it worked if it ends with ok
1 verbose cli [ '/usr/bin/node', '/usr/bin/npm', 'install', '-g', 'ionic' ]
2 info using npm@2.11.3
3 info using node@v0.12.7
4 verbose node symlink /usr/bin/node
5 verbose install initial load of /usr/lib/package.json
6 verbose readDependencies loading dependencies from /usr/lib/package.json
7 silly cache add args [ 'ionic', null ]
8 verbose cache add spec ionic
9 silly cache add parsed spec { raw: 'ionic',
9 silly cache add   scope: null,
9 silly cache add   name: 'ionic',
9 silly cache add   rawSpec: '',
9 silly cache add   spec: '*',
9 silly cache add   type: 'range' }
10 silly addNamed ionic@*
11 verbose addNamed "*" is a valid semver range for ionic
12 silly addNameRange { name: 'ionic', range: '*', hasData: false }
13 silly mapToRegistry name ionic
14 silly mapToRegistry using default registry
15 silly mapToRegistry registry https://registry.npmjs.org/
16 silly mapToRegistry uri https://registry.npmjs.org/ionic
17 verbose addNameRange registry:https://registry.npmjs.org/ionic not in flight; fetching
18 verbose request uri https://registry.npmjs.org/ionic
19 verbose request no auth needed
20 info attempt registry request try #1 at 11:41:54
21 verbose request id d4023c2462318505
22 verbose etag "DFI5ZCKTUEFXKG8W2WSN908Y2"
23 http request GET https://registry.npmjs.org/ionic
24 http 200 https://registry.npmjs.org/ionic
25 silly get cb [ 200,
25 silly get   { server: 'CouchDB/1.5.0 (Erlang OTP/R16B03)',
25 silly get     etag: '"9P2T1O8743HQS0A5DH9P5THXJ"',
25 silly get     'content-type': 'application/json',
25 silly get     'cache-control': 'max-age=60',
25 silly get     'content-length': '518590',
25 silly get     'accept-ranges': 'bytes',
25 silly get     date: 'Thu, 15 Oct 2015 09:41:54 GMT',
25 silly get     via: '1.1 varnish',
25 silly get     age: '14',
25 silly get     connection: 'keep-alive',
25 silly get     'x-served-by': 'cache-ams4127-AMS',
25 silly get     'x-cache': 'HIT',
25 silly get     'x-cache-hits': '1',
25 silly get     'x-timer': 'S1444902114.344859,VS0,VE2',
25 silly get     vary: 'Accept' } ]
26 verbose get saving ionic to /home/benguela/.npm/registry.npmjs.org/ionic/.cache.json
27 silly addNameRange number 2 { name: 'ionic', range: '*', hasData: true }
28 silly addNameRange versions [ 'ionic',
28 silly addNameRange   [ '0.9.6',
28 silly addNameRange     '0.9.8',
28 silly addNameRange     '0.9.9',
28 silly addNameRange     '0.9.10',
28 silly addNameRange     '0.9.11',
28 silly addNameRange     '0.9.12',
28 silly addNameRange     '0.9.13',
28 silly addNameRange     '0.9.14',
28 silly addNameRange     '0.9.15',
28 silly addNameRange     '0.9.16',
28 silly addNameRange     '1.0.0-beta.1',
28 silly addNameRange     '1.0.0-beta',
28 silly addNameRange     '1.0.1-beta',
28 silly addNameRange     '1.0.3-beta',
28 silly addNameRange     '1.0.4',
28 silly addNameRange     '1.0.5',
28 silly addNameRange     '1.0.6',
28 silly addNameRange     '1.0.7',
28 silly addNameRange     '1.0.8',
28 silly addNameRange     '1.0.9',
28 silly addNameRange     '1.0.10',
28 silly addNameRange     '1.0.11',
28 silly addNameRange     '1.0.12',
28 silly addNameRange     '1.0.13',
28 silly addNameRange     '1.0.14',
28 silly addNameRange     '1.0.15',
28 silly addNameRange     '1.0.16',
28 silly addNameRange     '1.0.17',
28 silly addNameRange     '1.1.0-beta1',
28 silly addNameRange     '1.1.0-beta2',
28 silly addNameRange     '1.1.0-beta3',
28 silly addNameRange     '1.1.0-beta4',
28 silly addNameRange     '1.1.0-beta5',
28 silly addNameRange     '1.1.0-beta6',
28 silly addNameRange     '1.1.0',
28 silly addNameRange     '1.1.1-beta1',
28 silly addNameRange     '1.1.1-beta2',
28 silly addNameRange     '1.1.1-beta3',
28 silly addNameRange     '1.1.1',
28 silly addNameRange     '1.1.3',
28 silly addNameRange     '1.1.4',
28 silly addNameRange     '1.1.5-beta1',
28 silly addNameRange     '1.1.5-beta2',
28 silly addNameRange     '1.1.5-beta3',
28 silly addNameRange     '1.1.5-beta4',
28 silly addNameRange     '1.1.5-beta5',
28 silly addNameRange     '1.1.5',
28 silly addNameRange     '1.1.6',
28 silly addNameRange     '1.1.7-beta1',
28 silly addNameRange     '1.1.7',
28 silly addNameRange     '1.1.8-beta1',
28 silly addNameRange     '1.1.8-beta2',
28 silly addNameRange     '1.1.8-beta3',
28 silly addNameRange     '1.1.8-beta4',
28 silly addNameRange     '1.1.8-beta5',
28 silly addNameRange     '1.1.8',
28 silly addNameRange     '1.1.9-beta1',
28 silly addNameRange     '1.1.9',
28 silly addNameRange     '1.1.10',
28 silly addNameRange     '1.1.11-beta1',
28 silly addNameRange     '1.1.11-beta2',
28 silly addNameRange     '1.1.11',
28 silly addNameRange     '1.1.12-beta1',
28 silly addNameRange     '1.1.12-beta2',
28 silly addNameRange     '1.1.12-beta3',
28 silly addNameRange     '1.1.12',
28 silly addNameRange     '1.1.13',
28 silly addNameRange     '1.1.14-beta1',
28 silly addNameRange     '1.1.14-beta2',
28 silly addNameRange     '1.1.14-beta3',
28 silly addNameRange     '1.2.0-beta1',
28 silly addNameRange     '1.2.0',
28 silly addNameRange     '1.2.1-beta1',
28 silly addNameRange     '1.2.1-beta2',
28 silly addNameRange     '1.2.1-beta3',
28 silly addNameRange     '1.2.1-beta4',
28 silly addNameRange     '1.2.1',
28 silly addNameRange     '1.2.2',
28 silly addNameRange     '1.2.3-beta1',
28 silly addNameRange     '1.2.3-beta2',
28 silly addNameRange     '1.2.3-beta3',
28 silly addNameRange     '1.2.3',
28 silly addNameRange     '1.2.4-beta1',
28 silly addNameRange     '1.2.4-beta2',
28 silly addNameRange     '1.2.4-beta3',
28 silly addNameRange     '1.2.4',
28 silly addNameRange     '1.2.5-beta1',
28 silly addNameRange     '1.2.5-beta2',
28 silly addNameRange     '1.2.5-beta3',
28 silly addNameRange     '1.2.5',
28 silly addNameRange     '1.2.6-beta1',
28 silly addNameRange     '1.2.6-beta2',
28 silly addNameRange     '1.2.6-beta3',
28 silly addNameRange     '1.2.6',
28 silly addNameRange     '1.2.7',
28 silly addNameRange     '1.2.8-beta1',
28 silly addNameRange     '1.2.8-beta2',
28 silly addNameRange     '1.2.8',
28 silly addNameRange     '1.2.9',
28 silly addNameRange     '1.2.10',
28 silly addNameRange     '1.2.11',
28 silly addNameRange     '1.2.12',
28 silly addNameRange     '1.2.13',
28 silly addNameRange     '1.2.14-beta1',
28 silly addNameRange     '1.2.14-beta2',
28 silly addNameRange     '1.2.14-beta3',
28 silly addNameRange     '1.2.14-beta4',
28 silly addNameRange     '1.2.14-beta5',
28 silly addNameRange     '1.2.14-beta6',
28 silly addNameRange     '1.2.14',
28 silly addNameRange     '1.3.0-beta1',
28 silly addNameRange     '1.3.0',
28 silly addNameRange     '1.3.1',
28 silly addNameRange     '1.3.2',
28 silly addNameRange     '1.3.3',
28 silly addNameRange     '1.3.4',
28 silly addNameRange     '1.3.5',
28 silly addNameRange     '1.3.6',
28 silly addNameRange     '1.3.7',
28 silly addNameRange     '1.3.8',
28 silly addNameRange     '1.3.9',
28 silly addNameRange     '1.3.10',
28 silly addNameRange     '1.4.0-alpha.1',
28 silly addNameRange     '1.3.11',
28 silly addNameRange     '1.3.1-1.alpha.0',
28 silly addNameRange     '1.4.0-alpha.2',
28 silly addNameRange     '1.3.12',
28 silly addNameRange     '1.3.12-beta.1',
28 silly addNameRange     '1.3.12-beta.2',
28 silly addNameRange     '1.3.13-beta.0',
28 silly addNameRange     '1.3.1-3.beta.1',
28 silly addNameRange     '1.3.1-3.beta.2',
28 silly addNameRange     '1.3.13',
28 silly addNameRange     '1.3.1-3.beta.4',
28 silly addNameRange     '1.3.14-beta',
28 silly addNameRange     '1.3.14-beta.1',
28 silly addNameRange     '1.4.0-alpha.3',
28 silly addNameRange     '1.3.14',
28 silly addNameRange     '1.4.0-alpha.4',
28 silly addNameRange     '1.4.0-alpha.5',
28 silly addNameRange     '1.3.15-beta.0',
28 silly addNameRange     '1.3.15-beta.1',
28 silly addNameRange     '1.3.15-beta.2',
28 silly addNameRange     '1.3.15-beta.3',
28 silly addNameRange     '1.3.15-beta.4',
28 silly addNameRange     '1.3.15',
28 silly addNameRange     '1.3.16',
28 silly addNameRange     '1.4.0-alpha.6',
28 silly addNameRange     '1.3.17-beta.0',
28 silly addNameRange     '1.3.17-beta.1',
28 silly addNameRange     '1.3.17-beta.2',
28 silly addNameRange     '1.3.17-beta.3',
28 silly addNameRange     '1.3.1-7.beta.4',
28 silly addNameRange     '1.3.17',
28 silly addNameRange     '1.3.18-beta.0',
28 silly addNameRange     '1.3.18-beta.1',
28 silly addNameRange     '1.3.18-beta.2',
28 silly addNameRange     '1.3.18-beta.3',
28 silly addNameRange     '1.3.18',
28 silly addNameRange     '1.3.19-beta.0',
28 silly addNameRange     '1.3.19-beta.1',
28 silly addNameRange     '1.3.19-beta.2',
28 silly addNameRange     '1.3.19-beta.3',
28 silly addNameRange     '1.3.19-beta.4',
28 silly addNameRange     '1.3.19',
28 silly addNameRange     '1.3.20',
28 silly addNameRange     '1.4.1-beta.0',
28 silly addNameRange     '1.4.0-beta.1',
28 silly addNameRange     '1.4.0-beta.2',
28 silly addNameRange     '1.4.0-beta.3',
28 silly addNameRange     '1.4.0-beta.5',
28 silly addNameRange     '1.4.0-beta.6',
28 silly addNameRange     '1.4.0-beta.7',
28 silly addNameRange     '1.3.21-beta.0',
28 silly addNameRange     '1.3.21-beta.1',
28 silly addNameRange     '1.3.21',
28 silly addNameRange     '1.3.22',
28 silly addNameRange     '1.4.0-beta.8',
28 silly addNameRange     '1.4.0-beta.9',
28 silly addNameRange     '1.4.0-beta.10',
28 silly addNameRange     '1.4.0-beta.11',
28 silly addNameRange     '1.4.0-beta.12',
28 silly addNameRange     '1.4.0-beta.13',
28 silly addNameRange     '1.4.0-beta.14',
28 silly addNameRange     '1.4.0-beta.15',
28 silly addNameRange     '1.4.0-beta.16',
28 silly addNameRange     '1.4.0-beta.17',
28 silly addNameRange     '1.4.0-beta.18',
28 silly addNameRange     '1.4.0',
28 silly addNameRange     '1.4.1',
28 silly addNameRange     '1.4.2',
28 silly addNameRange     '1.4.3',
28 silly addNameRange     '1.4.4-beta.0',
28 silly addNameRange     '1.4.4-beta.2',
28 silly addNameRange     '1.4.4',
28 silly addNameRange     '1.4.5-beta.0',
28 silly addNameRange     '1.4.5-beta.1',
28 silly addNameRange     '1.4.5-beta.2',
28 silly addNameRange     '1.4.5-beta.3',
28 silly addNameRange     '1.4.5',
28 silly addNameRange     '1.4.6-beta.0',
28 silly addNameRange     '1.4.6',
28 silly addNameRange     '1.4.7',
28 silly addNameRange     '1.4.8',
28 silly addNameRange     '1.5.0-beta.0',
28 silly addNameRange     '1.5.0-beta.1',
28 silly addNameRange     '1.5.0',
28 silly addNameRange     '1.5.1-beta.0',
28 silly addNameRange     '1.5.1-beta.1',
28 silly addNameRange     '1.5.1-beta.2',
28 silly addNameRange     '1.5.1-beta.3',
28 silly addNameRange     '1.5.1-beta.4',
28 silly addNameRange     '1.5.1',
28 silly addNameRange     '1.5.2',
28 silly addNameRange     '1.5.3',
28 silly addNameRange     '1.5.4',
28 silly addNameRange     '1.5.5',
28 silly addNameRange     '1.6.0-beta.1',
28 silly addNameRange     '1.6.0',
28 silly addNameRange     '1.6.1',
28 silly addNameRange     '1.6.2-beta.0',
28 silly addNameRange     '1.6.2-beta.1',
28 silly addNameRange     '1.6.2-beta.2',
28 silly addNameRange     '1.6.2',
28 silly addNameRange     '1.6.3-beta.0',
28 silly addNameRange     '1.6.3-beta.1',
28 silly addNameRange     '1.6.3',
28 silly addNameRange     '1.6.4-beta.0',
28 silly addNameRange     '1.6.4-beta.1',
28 silly addNameRange     '1.6.4',
28 silly addNameRange     '1.7.0-beta.0',
28 silly addNameRange     '1.7.0-beta.1',
28 silly addNameRange     '1.7.0-beta.2',
28 silly addNameRange     '1.7.0-beta.3',
28 silly addNameRange     '2.0.0-alpha.1',
28 silly addNameRange     '2.0.0-alpha.3',
28 silly addNameRange     '1.7.0-beta.4',
28 silly addNameRange     '1.6.5-testing.0',
28 silly addNameRange     '1.6.5-testing.1',
28 silly addNameRange     '1.6.5-testing.2',
28 silly addNameRange     '1.6.5-testing.3',
28 silly addNameRange     '1.6.5',
28 silly addNameRange     '2.0.0-alpha.4',
28 silly addNameRange     '1.7.0-beta.5',
28 silly addNameRange     '1.7.0-beta.6',
28 silly addNameRange     '1.7.0',
28 silly addNameRange     '2.0.0-alpha.5',
28 silly addNameRange     '2.0.0-alpha.6',
28 silly addNameRange     '1.7.1' ] ]
29 silly addNamed ionic@1.7.1
30 verbose addNamed "1.7.1" is a plain semver version for ionic
31 silly mapToRegistry name ionic
32 silly mapToRegistry using default registry
33 silly mapToRegistry registry https://registry.npmjs.org/
34 silly mapToRegistry uri https://registry.npmjs.org/ionic
35 verbose addRemoteTarball https://registry.npmjs.org/ionic/-/ionic-1.7.1.tgz not in flight; adding
36 verbose addRemoteTarball [ 'https://registry.npmjs.org/ionic/-/ionic-1.7.1.tgz',
36 verbose addRemoteTarball   '8ff2bf486a52b6bc03a3777ad3b4612a4e6218f6' ]
37 info retry fetch attempt 1 at 11:41:57
38 info attempt registry request try #1 at 11:41:57
39 http fetch GET https://registry.npmjs.org/ionic/-/ionic-1.7.1.tgz
40 http fetch 200 https://registry.npmjs.org/ionic/-/ionic-1.7.1.tgz
41 silly fetchAndShaCheck shasum 8ff2bf486a52b6bc03a3777ad3b4612a4e6218f6
42 verbose addTmpTarball /tmp/npm-6258-25806b10/registry.npmjs.org/ionic/-/ionic-1.7.1.tgz not in flight; adding
43 verbose addTmpTarball already have metadata; skipping unpack for ionic@1.7.1
44 silly cache afterAdd ionic@1.7.1
45 verbose afterAdd /home/benguela/.npm/ionic/1.7.1/package/package.json not in flight; writing
46 verbose afterAdd /home/benguela/.npm/ionic/1.7.1/package/package.json written
47 silly install resolved [ { name: 'ionic',
47 silly install resolved     version: '1.7.1',
47 silly install resolved     preferGlobal: true,
47 silly install resolved     description: 'A tool for creating and developing Ionic Framework mobile apps.',
47 silly install resolved     homepage: 'http://ionicframework.com/',
47 silly install resolved     bin: { ionic: 'bin/ionic' },
47 silly install resolved     scripts:
47 silly install resolved      { bump: 'node lib/tasks/bumpversion',
47 silly install resolved        'beta-bump': 'node lib/tasks/bumpversion --level pre --identifier beta',
47 silly install resolved        'publish-release': 'node lib/tasks/bumpversion --npmPublish',
47 silly install resolved        'publish-tag': 'node lib/tasks/bumpversion --level beta --npmPublishTag',
47 silly install resolved        'full-release': 'node lib/tasks/bumpversion --npmInstall --git --npmPublish',
47 silly install resolved        test: 'npm run jasmine',
47 silly install resolved        e2e: 'jasmine-node --captureExceptions ./e2e',
47 silly install resolved        jasmine: 'jasmine-node --captureExceptions  ./spec' },
47 silly install resolved     keywords:
47 silly install resolved      [ 'ionic',
47 silly install resolved        'ionic framework',
47 silly install resolved        'ionicframework',
47 silly install resolved        'mobile',
47 silly install resolved        'app',
47 silly install resolved        'hybrid',
47 silly install resolved        'cordova',
47 silly install resolved        'phonegap' ],
47 silly install resolved     repository:
47 silly install resolved      { type: 'git',
47 silly install resolved        url: 'git+https://github.com/driftyco/ionic-cli.git' },
47 silly install resolved     contributors: [ [Object], [Object], [Object], [Object] ],
47 silly install resolved     license: 'MIT',
47 silly install resolved     dependencies:
47 silly install resolved      { async: '^0.9.0',
47 silly install resolved        cheerio: '^0.19.0',
47 silly install resolved        'cli-table': '^0.3.1',
47 silly install resolved        colors: '0.6.2',
47 silly install resolved        connect: '3.1.1',
47 silly install resolved        'connect-livereload': '0.5.2',
47 silly install resolved        crc: '3.2.1',
47 silly install resolved        'cross-spawn': '0.2.3',
47 silly install resolved        'event-stream': '3.0.x',
47 silly install resolved        'expand-tilde': '^1.2.0',
47 silly install resolved        finalhandler: '0.2.0',
47 silly install resolved        'form-data': '0.1.4',
47 silly install resolved        gulp: '3.8.8',
47 silly install resolved        'ionic-app-lib': '0.5.1',
47 silly install resolved        moment: '^2.10.6',
47 silly install resolved        ncp: '0.4.2',
47 silly install resolved        npm: '2.1.3',
47 silly install resolved        'opbeat-ionic': '^1.1.3',
47 silly install resolved        open: '0.0.5',
47 silly install resolved        optimist: '0.6.0',
47 silly install resolved        progress: '1.1.7',
47 silly install resolved        prompt: '0.2.12',
47 silly install resolved        'proxy-middleware': '^0.7.0',
47 silly install resolved        q: '1.0.1',
47 silly install resolved        request: '2.51.0',
47 silly install resolved        semver: '^4.2.0',
47 silly install resolved        'serve-static': '1.7.1',
47 silly install resolved        shelljs: '0.2.6',
47 silly install resolved        'tiny-lr-fork': '0.0.5',
47 silly install resolved        underscore: '~1.7.0',
47 silly install resolved        unzip: '0.1.9',
47 silly install resolved        'vinyl-fs': '0.3.7',
47 silly install resolved        xml2js: '0.4.4' },
47 silly install resolved     devDependencies: { 'jasmine-node': '^1.14.5', rewire: '^2.3.4' },
47 silly install resolved     gitHead: '493ee7b3586f1140e2b6bb927d7b11e0f395fad9',
47 silly install resolved     bugs: { url: 'https://github.com/driftyco/ionic-cli/issues' },
47 silly install resolved     _id: 'ionic@1.7.1',
47 silly install resolved     _shasum: '8ff2bf486a52b6bc03a3777ad3b4612a4e6218f6',
47 silly install resolved     _from: 'ionic@*',
47 silly install resolved     _npmVersion: '2.12.1',
47 silly install resolved     _nodeVersion: '0.12.7',
47 silly install resolved     _npmUser: { name: 'dwieeb', email: 'dwieeb@gmail.com' },
47 silly install resolved     dist:
47 silly install resolved      { shasum: '8ff2bf486a52b6bc03a3777ad3b4612a4e6218f6',
47 silly install resolved        tarball: 'http://registry.npmjs.org/ionic/-/ionic-1.7.1.tgz' },
47 silly install resolved     maintainers: [ [Object], [Object], [Object], [Object], [Object], [Object] ],
47 silly install resolved     directories: {},
47 silly install resolved     _resolved: 'https://registry.npmjs.org/ionic/-/ionic-1.7.1.tgz' } ]
48 info install ionic@1.7.1 into /usr/lib
49 info installOne ionic@1.7.1
50 verbose installOne of ionic to /usr/lib not in flight; installing
51 verbose lock using /home/benguela/.npm/_locks/ionic-870c91ec4eeb12ef.lock for /usr/lib/node_modules/ionic
52 silly install write writing ionic 1.7.1 to /usr/lib/node_modules/ionic
53 verbose unbuild lib/node_modules/ionic
54 info preuninstall ionic@1.6.5
55 info uninstall ionic@1.6.5
56 verbose unbuild rmStuff ionic@1.6.5 from /usr/lib/node_modules
57 silly gentlyRm /usr/bin/ionic is being gently removed
58 silly gentlyRm verifying /usr is an npm working directory
59 silly gentlyRm containing path /usr is under npm's control, in /usr
60 silly gentlyRm deletion target /usr/bin/ionic is under /usr
61 verbose gentlyRm vacuuming from /usr/bin/ionic up to /usr
62 silly vacuum-fs removing /usr/bin/ionic
63 verbose unlock done using /home/benguela/.npm/_locks/ionic-870c91ec4eeb12ef.lock for /usr/lib/node_modules/ionic
64 verbose stack Error: EACCES, unlink '/usr/bin/ionic'
64 verbose stack     at Error (native)
65 verbose cwd /home/benguela/Projects/ionicApps/area51
66 error Linux 3.13.0-48-generic
67 error argv "/usr/bin/node" "/usr/bin/npm" "install" "-g" "ionic"
68 error node v0.12.7
69 error npm  v2.11.3
70 error path /usr/bin/ionic
71 error code EACCES
72 error errno -13
73 error Error: EACCES, unlink '/usr/bin/ionic'
73 error     at Error (native)
73 error  { [Error: EACCES, unlink '/usr/bin/ionic'] errno: -13, code: 'EACCES', path: '/usr/bin/ionic' }
74 error Please try running this command again as root/Administrator.
75 verbose exit [ -13, true ]
76 verbose unbuild lib/node_modules/ionic
77 info preuninstall ionic@1.6.5
78 info uninstall ionic@1.6.5
79 verbose unbuild rmStuff ionic@1.6.5 from /usr/lib/node_modules
80 silly gentlyRm /usr/bin/ionic is being gently removed
81 silly gentlyRm verifying /usr is an npm working directory
82 silly gentlyRm containing path /usr is under npm's control, in /usr
83 silly gentlyRm deletion target /usr/bin/ionic is under /usr
84 verbose gentlyRm vacuuming from /usr/bin/ionic up to /usr
85 silly vacuum-fs removing /usr/bin/ionic
86 error error rolling back Error: EACCES, unlink '/usr/bin/ionic'
86 error error rolling back     at Error (native)
86 error error rolling back  { [Error: EACCES, unlink '/usr/bin/ionic'] errno: -13, code: 'EACCES', path: '/usr/bin/ionic' }
